#
# There is insufficient memory for the Java Runtime Environment to continue.
# Native memory allocation (mmap) failed to map 102760448 bytes for Failed to commit area from 0x000000009f000000 to 0x00000000a5200000 of length 102760448.
# Possible reasons:
#   The system is out of physical RAM or swap space
#   The process is running with CompressedOops enabled, and the Java Heap may be blocking the growth of the native heap
# Possible solutions:
#   Reduce memory load on the system
#   Increase physical memory or swap space
#   Check if swap backing store is full
#   Decrease Java heap size (-Xmx/-Xms)
#   Decrease number of Java threads
#   Decrease Java thread stack sizes (-Xss)
#   Set larger code cache with -XX:ReservedCodeCacheSize=
# This output file may be truncated or incomplete.
#
#  Out of Memory Error (./open/src/hotspot/os/windows/os_windows.cpp:3273), pid=13452, tid=15172
#
# JRE version:  (11.0.10+8) (build )
# Java VM: Java HotSpot(TM) 64-Bit Server VM (11.0.10+8-LTS-162, mixed mode, sharing, tiered, compressed oops, g1 gc, windows-amd64)
# No core dump will be written. Minidumps are not enabled by default on client versions of Windows
#

---------------  S U M M A R Y ------------

Command Line: -Dclassworlds.conf=C:\Program Files\NetBeans-12.3\netbeans\java\maven\bin\..\bin\m2.conf -Dmaven.home=C:\Program Files\NetBeans-12.3\netbeans\java\maven\bin\.. -Dlibrary.jansi.path=C:\Program Files\NetBeans-12.3\netbeans\java\maven\bin\..\lib\jansi-native -Dmaven.multiModuleProjectDirectory=C:\Users\andre\Documents\Universidad\VII. Séptimo Semestre\Patrones de Diseño\Contigo_Repository\ContigoApp org.codehaus.plexus.classworlds.launcher.Launcher -Dmaven.ext.class.path=C:\Program Files\NetBeans-12.3\netbeans\java\maven-nblib\netbeans-eventspy.jar -Dfile.encoding=UTF-8 install

Host: Intel(R) Core(TM) i7-8550U CPU @ 1.80GHz, 8 cores, 6G,  Windows 10 , 64 bit Build 19041 (10.0.19041.928)
Time: Sat Apr 17 22:20:16 2021 Hora est. Pacífico, Sudamérica elapsed time: 20.024567 seconds (0d 0h 0m 20s)

---------------  T H R E A D  ---------------

Current thread (0x0000026fd6379800):  JavaThread "Unknown thread" [_thread_in_vm, id=15172, stack(0x00000073b7c00000,0x00000073b7d00000)]

Stack: [0x00000073b7c00000,0x00000073b7d00000]
Native frames: (J=compiled Java code, j=interpreted, Vv=VM code, C=native code)
V  [jvm.dll+0x613e6a]
V  [jvm.dll+0x74c1ff]
V  [jvm.dll+0x74d885]
V  [jvm.dll+0x74df03]
V  [jvm.dll+0x243b78]
V  [jvm.dll+0x61125a]
V  [jvm.dll+0x606165]
V  [jvm.dll+0x2f85fc]
V  [jvm.dll+0x2f8482]
V  [jvm.dll+0x2fd136]
V  [jvm.dll+0x33f6bf]
V  [jvm.dll+0x33f0f0]
V  [jvm.dll+0x2d5d08]
V  [jvm.dll+0x2d6e66]
V  [jvm.dll+0x727d17]
V  [jvm.dll+0x7295bf]
V  [jvm.dll+0x34c4a9]
V  [jvm.dll+0x70d6b0]
V  [jvm.dll+0x3b584f]
V  [jvm.dll+0x3b7951]
C  [jli.dll+0x520b]
C  [ucrtbase.dll+0x21bb2]
C  [KERNEL32.DLL+0x17034]
C  [ntdll.dll+0x52651]


---------------  P R O C E S S  ---------------

Threads class SMR info:
_java_thread_list=0x0000026fd42e4100, length=0, elements={
}

Java Threads: ( => current thread )

Other Threads:
  0x0000026fd638d800 GCTaskThread "GC Thread#0" [stack: 0x00000073b7d00000,0x00000073b7e00000] [id=16028]
  0x0000026fd63b5000 ConcurrentGCThread "G1 Main Marker" [stack: 0x00000073b7e00000,0x00000073b7f00000] [id=16160]
  0x0000026fd63bc800 ConcurrentGCThread "G1 Conc#0" [stack: 0x00000073b7f00000,0x00000073b8000000] [id=16180]

[error occurred during error reporting (printing all threads), id 0xc0000005, EXCEPTION_ACCESS_VIOLATION (0xc0000005) at pc=0x00007ffef9ca4f57]

VM state:not at safepoint (not fully initialized)

VM Mutex/Monitor currently owned by a thread:  ([mutex/lock_event])
[0x0000026fd6375670] Heap_lock - owner thread: 0x0000026fd6379800

Heap address: 0x000000009f000000, size: 1552 MB, Compressed Oops mode: Non-zero based: 0x000000009f000000
Narrow klass base: 0x0000000000000000, Narrow klass shift: 0

GC Heap History (0 events):
No events

Deoptimization events (0 events):
No events

Classes redefined (0 events):
No events

Internal exceptions (0 events):
No events

Events (0 events):
No events


Dynamic libraries:
0x00007ff6954d0000 - 0x00007ff6954df000 	C:\Program Files\Java\jdk-11.0.10\bin\java.exe
0x00007fff39830000 - 0x00007fff39a25000 	C:\WINDOWS\SYSTEM32\ntdll.dll
0x00007fff37bc0000 - 0x00007fff37c7d000 	C:\WINDOWS\System32\KERNEL32.DLL
0x00007fff37080000 - 0x00007fff37348000 	C:\WINDOWS\System32\KERNELBASE.dll
0x00007fff374d0000 - 0x00007fff375d0000 	C:\WINDOWS\System32\ucrtbase.dll
0x00007fff21ae0000 - 0x00007fff21af5000 	C:\Program Files\Java\jdk-11.0.10\bin\VCRUNTIME140.dll
0x00007fff075d0000 - 0x00007fff075e8000 	C:\Program Files\Java\jdk-11.0.10\bin\jli.dll
0x00007fff37d30000 - 0x00007fff37ddc000 	C:\WINDOWS\System32\ADVAPI32.dll
0x00007fff392c0000 - 0x00007fff3935e000 	C:\WINDOWS\System32\msvcrt.dll
0x00007fff393c0000 - 0x00007fff3945b000 	C:\WINDOWS\System32\sechost.dll
0x00007fff39160000 - 0x00007fff3928b000 	C:\WINDOWS\System32\RPCRT4.dll
0x00007fff39460000 - 0x00007fff39600000 	C:\WINDOWS\System32\USER32.dll
0x00007fff373a0000 - 0x00007fff373c2000 	C:\WINDOWS\System32\win32u.dll
0x00007fff37b90000 - 0x00007fff37bba000 	C:\WINDOWS\System32\GDI32.dll
0x00007fff36f70000 - 0x00007fff3707b000 	C:\WINDOWS\System32\gdi32full.dll
0x00007fff373d0000 - 0x00007fff3746d000 	C:\WINDOWS\System32\msvcp_win.dll
0x00007fff22ca0000 - 0x00007fff22f3a000 	C:\WINDOWS\WinSxS\amd64_microsoft.windows.common-controls_6595b64144ccf1df_6.0.19041.844_none_ca00b6081b84eb1d\COMCTL32.dll
0x00007fff30180000 - 0x00007fff3018a000 	C:\WINDOWS\SYSTEM32\VERSION.dll
0x00007fff39290000 - 0x00007fff392c0000 	C:\WINDOWS\System32\IMM32.DLL
0x00007fff0d570000 - 0x00007fff0d60b000 	C:\Program Files\Java\jdk-11.0.10\bin\msvcp140.dll
0x00007ffef99c0000 - 0x00007ffefa4bb000 	C:\Program Files\Java\jdk-11.0.10\bin\server\jvm.dll
0x00007fff39730000 - 0x00007fff39738000 	C:\WINDOWS\System32\PSAPI.DLL
0x00007fff2f050000 - 0x00007fff2f059000 	C:\WINDOWS\SYSTEM32\WSOCK32.dll
0x00007fff1bb70000 - 0x00007fff1bb97000 	C:\WINDOWS\SYSTEM32\WINMM.dll
0x00007fff38db0000 - 0x00007fff38e1b000 	C:\WINDOWS\System32\WS2_32.dll
0x00007fff35890000 - 0x00007fff358a2000 	C:\WINDOWS\SYSTEM32\kernel.appcore.dll
0x00007fff2cab0000 - 0x00007fff2cac0000 	C:\Program Files\Java\jdk-11.0.10\bin\verify.dll
0x00007fff34b10000 - 0x00007fff34cf4000 	C:\WINDOWS\SYSTEM32\DBGHELP.DLL
0x00007fff18740000 - 0x00007fff1876c000 	C:\WINDOWS\SYSTEM32\dbgcore.DLL
0x00007fff375d0000 - 0x00007fff37650000 	C:\WINDOWS\System32\bcryptPrimitives.dll
0x00007fff195c0000 - 0x00007fff195e8000 	C:\Program Files\Java\jdk-11.0.10\bin\java.dll
0x00007fff2bf50000 - 0x00007fff2bf5a000 	C:\Program Files\Java\jdk-11.0.10\bin\jimage.dll
0x00007fff19350000 - 0x00007fff19366000 	C:\Program Files\Java\jdk-11.0.10\bin\zip.dll

dbghelp: loaded successfully - version: 4.0.5 - missing functions: none
symbol engine: initialized successfully - sym options: 0x614 - pdb path: .;C:\Program Files\Java\jdk-11.0.10\bin;C:\WINDOWS\SYSTEM32;C:\WINDOWS\WinSxS\amd64_microsoft.windows.common-controls_6595b64144ccf1df_6.0.19041.844_none_ca00b6081b84eb1d;C:\Program Files\Java\jdk-11.0.10\bin\server

VM Arguments:
jvm_args: -Dclassworlds.conf=C:\Program Files\NetBeans-12.3\netbeans\java\maven\bin\..\bin\m2.conf -Dmaven.home=C:\Program Files\NetBeans-12.3\netbeans\java\maven\bin\.. -Dlibrary.jansi.path=C:\Program Files\NetBeans-12.3\netbeans\java\maven\bin\..\lib\jansi-native -Dmaven.multiModuleProjectDirectory=C:\Users\andre\Documents\Universidad\VII. Séptimo Semestre\Patrones de Diseño\Contigo_Repository\ContigoApp 
java_command: org.codehaus.plexus.classworlds.launcher.Launcher -Dmaven.ext.class.path=C:\Program Files\NetBeans-12.3\netbeans\java\maven-nblib\netbeans-eventspy.jar -Dfile.encoding=UTF-8 install
java_class_path (initial): C:\Program Files\NetBeans-12.3\netbeans\java\maven\bin\..\boot\plexus-classworlds-2.6.0.jar
Launcher Type: SUN_STANDARD

[Global flags]
     intx CICompilerCount                          = 4                                         {product} {ergonomic}
     uint ConcGCThreads                            = 2                                         {product} {ergonomic}
     uint G1ConcRefinementThreads                  = 8                                         {product} {ergonomic}
   size_t G1HeapRegionSize                         = 1048576                                   {product} {ergonomic}
    uintx GCDrainStackTargetSize                   = 64                                        {product} {ergonomic}
   size_t InitialHeapSize                          = 102760448                                 {product} {ergonomic}
   size_t MarkStackSize                            = 4194304                                   {product} {ergonomic}
   size_t MaxHeapSize                              = 1627389952                                {product} {ergonomic}
   size_t MinHeapDeltaBytes                        = 1048576                                   {product} {ergonomic}
    uintx NonNMethodCodeHeapSize                   = 5836300                                {pd product} {ergonomic}
    uintx NonProfiledCodeHeapSize                  = 122910970                              {pd product} {ergonomic}
    uintx ProfiledCodeHeapSize                     = 122910970                              {pd product} {ergonomic}
    uintx ReservedCodeCacheSize                    = 251658240                              {pd product} {ergonomic}
     bool SegmentedCodeCache                       = true                                      {product} {ergonomic}
     bool UseCompressedClassPointers               = true                                 {lp64_product} {ergonomic}
     bool UseCompressedOops                        = true                                 {lp64_product} {ergonomic}
     bool UseG1GC                                  = true                                      {product} {ergonomic}
     bool UseLargePagesIndividualAllocation        = false                                  {pd product} {ergonomic}

Logging:
Log output configuration:
 #0: stdout all=warning uptime,level,tags
 #1: stderr all=off uptime,level,tags

Environment Variables:
JAVA_HOME=C:\Program Files\Java\jdk-11.0.10
PATH=C:\Program Files\Common Files\Oracle\Java\javapath;C:\Program Files (x86)\Common Files\Oracle\Java\javapath;C:\Python38\Scripts\;C:\Python38\;C:\Program Files (x86)\Intel\Intel(R) Management Engine Components\iCLS\;C:\Program Files\Intel\Intel(R) Management Engine Components\iCLS\;C:\windows\system32;C:\windows;C:\windows\System32\Wbem;C:\windows\System32\WindowsPowerShell\v1.0\;C:\windows\System32\OpenSSH\;C:\Program Files (x86)\NVIDIA Corporation\PhysX\Common;C:\WINDOWS\system32;C:\WINDOWS;C:\WINDOWS\System32\Wbem;C:\WINDOWS\System32\WindowsPowerShell\v1.0\;C:\WINDOWS\System32\OpenSSH\;C:\Program Files\MATLAB\R2020a\bin;C:\ProgramData\chocolatey\bin;C:\Program Files\nodejs\;C:\Program Files\NVIDIA Corporation\NVIDIA NvDLISR;C:\WINDOWS\system32;C:\WINDOWS;C:\WINDOWS\System32\Wbem;C:\WINDOWS\System32\WindowsPowerShell\v1.0\;C:\WINDOWS\System32\OpenSSH\;C:\Program Files\PuTTY\;C:\Program Files\Git\cmd;C:\Program Files (x86)\Gpg4win\..\GnuPG\bin;C:\Users\andre\AppData\Local\Programs\Python\Python38-32\Scripts\;C:\Users\andre\AppData\Local\Programs\Python\Python38-32\;C:\Program Files\MySQL\MySQL Shell 8.0\bin\;C:\Users\andre\AppData\Local\Microsoft\WindowsApps;;C:\Users\andre\AppData\Local\Programs\Microsoft VS Code\bin;C:\Users\andre\AppData\Roaming\npm;C:\Program Files (x86)\Nmap
USERNAME=andre
OS=Windows_NT
PROCESSOR_IDENTIFIER=Intel64 Family 6 Model 142 Stepping 10, GenuineIntel



---------------  S Y S T E M  ---------------

OS: Windows 10 , 64 bit Build 19041 (10.0.19041.928)

CPU:total 8 (initial active 8) (4 cores per cpu, 2 threads per core) family 6 model 142 stepping 10 microcode 0xe0, cmov, cx8, fxsr, mmx, sse, sse2, sse3, ssse3, sse4.1, sse4.2, popcnt, avx, avx2, aes, clmul, erms, 3dnowpref, lzcnt, ht, tsc, tscinvbit, bmi1, bmi2, adx, fma

Memory: 4k page, system-wide physical 6202M (115M free)
TotalPageFile size 20759M (AvailPageFile size 1853M)
current process WorkingSet (physical memory assigned to process): 9M, peak: 9M
current process commit charge ("private bytes"): 59M, peak: 157M

vm_info: Java HotSpot(TM) 64-Bit Server VM (11.0.10+8-LTS-162) for windows-amd64 JRE (11.0.10+8-LTS-162), built on Dec  8 2020 16:32:57 by "mach5one" with MS VC++ 15.9 (VS2017)

END.
